#
# There is insufficient memory for the Java Runtime Environment to continue.
# Native memory allocation (malloc) failed to allocate 32744 bytes for ChunkPool::allocate
# Possible reasons:
#   The system is out of physical RAM or swap space
#   The process is running with CompressedOops enabled, and the Java Heap may be blocking the growth of the native heap
# Possible solutions:
#   Reduce memory load on the system
#   Increase physical memory or swap space
#   Check if swap backing store is full
#   Decrease Java heap size (-Xmx/-Xms)
#   Decrease number of Java threads
#   Decrease Java thread stack sizes (-Xss)
#   Set larger code cache with -XX:ReservedCodeCacheSize=
#   JVM is running with Unscaled Compressed Oops mode in which the Java heap is
#     placed in the first 4GB address space. The Java Heap base address is the
#     maximum limit for the native heap growth. Please use -XX:HeapBaseMinAddress
#     to set the Java Heap base and to place the Java Heap above 4GB virtual address.
# This output file may be truncated or incomplete.
#
#  Out of Memory Error (allocation.cpp:272), pid=18372, tid=0x0000000000001018
#
# JRE version: OpenJDK Runtime Environment (8.0_242-b01) (build 1.8.0_242-release-1644-b01)
# Java VM: OpenJDK 64-Bit Server VM (25.242-b01 mixed mode windows-amd64 compressed oops)
# Failed to write core dump. Minidumps are not enabled by default on client versions of Windows
#

---------------  T H R E A D  ---------------

Current thread (0x0000000019649800):  JavaThread "C2 CompilerThread2" daemon [_thread_in_native, id=4120, stack(0x000000001a120000,0x000000001a220000)]

Stack: [0x000000001a120000,0x000000001a220000]
[error occurred during error reporting (printing stack bounds), id 0xc0000005]

Native frames: (J=compiled Java code, j=interpreted, Vv=VM code, C=native code)


Current CompileTask:
C2: 561330 15406       4       com.android.tools.r8.graph.L0::a (73 bytes)


---------------  P R O C E S S  ---------------

Java Threads: ( => current thread )
  0x000000001c122000 JavaThread "ForkJoinPool-2-worker-0" daemon [_thread_blocked, id=6172, stack(0x00000000299d0000,0x0000000029ad0000)]
  0x0000000021c26800 JavaThread "ForkJoinPool-2-worker-7" daemon [_thread_in_Java, id=8516, stack(0x00000000298d0000,0x00000000299d0000)]
  0x0000000021c24000 JavaThread "ForkJoinPool-2-worker-6" daemon [_thread_blocked, id=2004, stack(0x00000000297d0000,0x00000000298d0000)]
  0x0000000021c23800 JavaThread "ForkJoinPool-2-worker-5" daemon [_thread_blocked, id=5404, stack(0x00000000296d0000,0x00000000297d0000)]
  0x0000000021c25800 JavaThread "ForkJoinPool-2-worker-4" daemon [_thread_blocked, id=8896, stack(0x00000000295d0000,0x00000000296d0000)]
  0x0000000021c22800 JavaThread "ForkJoinPool-2-worker-3" daemon [_thread_blocked, id=18216, stack(0x00000000294d0000,0x00000000295d0000)]
  0x000000001b068000 JavaThread "ForkJoinPool-2-worker-2" daemon [_thread_blocked, id=3620, stack(0x00000000293d0000,0x00000000294d0000)]
  0x000000001b06d000 JavaThread "ForkJoinPool-2-worker-1" daemon [_thread_blocked, id=2936, stack(0x00000000292d0000,0x00000000293d0000)]
  0x000000001b06c800 JavaThread "WorkerExecutor Queue Thread 5" [_thread_blocked, id=21236, stack(0x0000000028a70000,0x0000000028b70000)]
  0x000000001b06b800 JavaThread "WorkerExecutor Queue Thread 4" [_thread_blocked, id=22444, stack(0x0000000028370000,0x0000000028470000)]
  0x000000001b06b000 JavaThread "WorkerExecutor Queue Thread 3" [_thread_blocked, id=2744, stack(0x0000000028270000,0x0000000028370000)]
  0x000000001b06a000 JavaThread "WorkerExecutor Queue Thread 2" [_thread_blocked, id=5412, stack(0x0000000027ec0000,0x0000000027fc0000)]
  0x000000001b06e000 JavaThread "WorkerExecutor Queue" [_thread_blocked, id=1852, stack(0x0000000027dc0000,0x0000000027ec0000)]
  0x000000001b069800 JavaThread "Cache worker for Java compile cache (C:\Users\vitor\AndroidStudioProjects\SonsdePeido\.gradle\6.1.1\javaCompile)" [_thread_blocked, id=12436, stack(0x00000000278c0000,0x00000000279c0000)]
  0x0000000020fb0800 JavaThread "Cache worker for Java compile cache (C:\Users\vitor\.gradle\caches\6.1.1\javaCompile)" [_thread_blocked, id=20220, stack(0x00000000277c0000,0x00000000278c0000)]
  0x0000000020fb0000 JavaThread "Cache worker for execution history cache (C:\Users\vitor\AndroidStudioProjects\SonsdePeido\.gradle\6.1.1\executionHistory)" [_thread_blocked, id=19968, stack(0x00000000276c0000,0x00000000277c0000)]
  0x0000000020fb5800 JavaThread "Execution worker for ':' Thread 7" [_thread_blocked, id=13524, stack(0x00000000271c0000,0x00000000272c0000)]
  0x0000000020fb4800 JavaThread "Execution worker for ':' Thread 6" [_thread_blocked, id=20804, stack(0x00000000270c0000,0x00000000271c0000)]
  0x0000000020fb6000 JavaThread "Execution worker for ':' Thread 5" [_thread_blocked, id=3448, stack(0x0000000026fc0000,0x00000000270c0000)]
  0x0000000020fac000 JavaThread "Execution worker for ':' Thread 4" [_thread_blocked, id=21264, stack(0x0000000026ec0000,0x0000000026fc0000)]
  0x0000000020fae800 JavaThread "Execution worker for ':' Thread 3" [_thread_blocked, id=10144, stack(0x0000000026dc0000,0x0000000026ec0000)]
  0x0000000020fa7000 JavaThread "Execution worker for ':' Thread 2" [_thread_blocked, id=13340, stack(0x0000000026820000,0x0000000026920000)]
  0x0000000020fa9000 JavaThread "Execution worker for ':'" [_thread_blocked, id=376, stack(0x0000000026320000,0x0000000026420000)]
  0x0000000020fad000 JavaThread "Cache worker for file content cache (C:\Users\vitor\AndroidStudioProjects\SonsdePeido\.gradle\6.1.1\fileContent)" [_thread_blocked, id=5556, stack(0x00000000264a0000,0x00000000265a0000)]
  0x0000000020fab800 JavaThread "Cache worker for Build Output Cleanup Cache (C:\Users\vitor\AndroidStudioProjects\SonsdePeido\.gradle\buildOutputCleanup)" [_thread_blocked, id=4880, stack(0x0000000026220000,0x0000000026320000)]
  0x0000000020faa800 JavaThread "pool-7-thread-1" [_thread_blocked, id=2952, stack(0x0000000025920000,0x0000000025a20000)]
  0x0000000022242000 JavaThread "Build operations Thread 8" [_thread_blocked, id=9148, stack(0x0000000023b50000,0x0000000023c50000)]
  0x000000002223f800 JavaThread "Build operations Thread 7" [_thread_blocked, id=19224, stack(0x0000000023850000,0x0000000023950000)]
  0x000000002223f000 JavaThread "Build operations Thread 6" [_thread_blocked, id=2912, stack(0x0000000023350000,0x0000000023450000)]
  0x0000000022243800 JavaThread "Build operations Thread 5" [_thread_blocked, id=20588, stack(0x0000000023250000,0x0000000023350000)]
  0x0000000022245800 JavaThread "Build operations Thread 4" [_thread_blocked, id=20020, stack(0x0000000023150000,0x0000000023250000)]
  0x0000000022242800 JavaThread "Build operations Thread 3" [_thread_blocked, id=2612, stack(0x0000000023050000,0x0000000023150000)]
  0x0000000022240800 JavaThread "Build operations Thread 2" [_thread_blocked, id=16472, stack(0x0000000022f50000,0x0000000023050000)]
  0x0000000022245000 JavaThread "Build operations" [_thread_blocked, id=17680, stack(0x0000000022b80000,0x0000000022c80000)]
  0x0000000022237800 JavaThread "Cache worker for cache directory md-rule (C:\Users\vitor\.gradle\caches\6.1.1\md-rule)" [_thread_blocked, id=13676, stack(0x0000000021a60000,0x0000000021b60000)]
  0x000000002223e000 JavaThread "Cache worker for cache directory md-supplier (C:\Users\vitor\.gradle\caches\6.1.1\md-supplier)" [_thread_blocked, id=17616, stack(0x0000000021960000,0x0000000021a60000)]
  0x000000002223c800 JavaThread "Cache worker for file hash cache (C:\Users\vitor\AndroidStudioProjects\SonsdePeido\.gradle\6.1.1\fileHashes)" [_thread_blocked, id=14016, stack(0x000000001fd30000,0x000000001fe30000)]
  0x000000002223c000 JavaThread "Cache worker for checksums cache (C:\Users\vitor\AndroidStudioProjects\SonsdePeido\.gradle\checksums)" [_thread_blocked, id=21916, stack(0x000000001fc30000,0x000000001fd30000)]
  0x0000000022239800 JavaThread "Thread-80" [_thread_blocked, id=18324, stack(0x000000001f730000,0x000000001f830000)]
  0x000000002223b000 JavaThread "Stdin handler" [_thread_blocked, id=22928, stack(0x000000001f630000,0x000000001f730000)]
  0x0000000022239000 JavaThread "Asynchronous log dispatcher for DefaultDaemonConnection: socket connection from /127.0.0.1:51454 to /127.0.0.1:51512" [_thread_blocked, id=11024, stack(0x000000001de60000,0x000000001df60000)]
  0x000000002223a800 JavaThread "Daemon worker Thread 3" [_thread_blocked, id=14668, stack(0x000000001db60000,0x000000001dc60000)]
  0x0000000022236800 JavaThread "Cancel handler" [_thread_blocked, id=21072, stack(0x000000001da60000,0x000000001db60000)]
  0x000000002223d800 JavaThread "Handler for socket connection from /127.0.0.1:51454 to /127.0.0.1:51512" [_thread_in_native, id=8336, stack(0x000000001d760000,0x000000001d860000)]
  0x0000000022238000 JavaThread "Daemon Thread 3" [_thread_blocked, id=12488, stack(0x000000001d660000,0x000000001d760000)]
  0x0000000020fb4000 JavaThread "Cache worker for file content cache (C:\Users\vitor\.gradle\caches\6.1.1\fileContent)" [_thread_blocked, id=21428, stack(0x0000000025720000,0x0000000025820000)]
  0x0000000020fb3000 JavaThread "Memory manager" [_thread_blocked, id=2528, stack(0x0000000025620000,0x0000000025720000)]
  0x000000001c129000 JavaThread "Cache worker for execution history cache (C:\Users\vitor\.gradle\caches\6.1.1\executionHistory)" [_thread_blocked, id=14440, stack(0x000000001fe30000,0x000000001ff30000)]
  0x000000001c123800 JavaThread "Cache worker for file hash cache (C:\Users\vitor\.gradle\caches\6.1.1\fileHashes)" [_thread_blocked, id=17692, stack(0x000000001e360000,0x000000001e460000)]
  0x000000001c126800 JavaThread "File lock request listener" [_thread_in_native, id=19648, stack(0x000000001e260000,0x000000001e360000)]
  0x000000001a614800 JavaThread "Cache worker for journal cache (C:\Users\vitor\.gradle\caches\journal-1)" [_thread_blocked, id=20404, stack(0x000000001e160000,0x000000001e260000)]
  0x000000001bcee000 JavaThread "Daemon periodic checks" [_thread_blocked, id=12376, stack(0x000000001d560000,0x000000001d660000)]
  0x000000001bfc1800 JavaThread "Incoming local TCP Connector on port 51454" [_thread_in_native, id=22468, stack(0x000000001d300000,0x000000001d400000)]
  0x000000001bf37800 JavaThread "Daemon health stats" [_thread_blocked, id=18892, stack(0x000000001ccc0000,0x000000001cdc0000)]
  0x00000000196db000 JavaThread "Service Thread" daemon [_thread_blocked, id=4028, stack(0x000000001a320000,0x000000001a420000)]
  0x000000001964f800 JavaThread "C1 CompilerThread3" daemon [_thread_in_native, id=12968, stack(0x000000001a220000,0x000000001a320000)]
=>0x0000000019649800 JavaThread "C2 CompilerThread2" daemon [_thread_in_native, id=4120, stack(0x000000001a120000,0x000000001a220000)]
  0x000000001784b800 JavaThread "C2 CompilerThread1" daemon [_thread_in_native, id=13848, stack(0x000000001a020000,0x000000001a120000)]
  0x0000000019643800 JavaThread "C2 CompilerThread0" daemon [_thread_in_native, id=14664, stack(0x0000000019f20000,0x000000001a020000)]
  0x0000000019642800 JavaThread "Attach Listener" daemon [_thread_blocked, id=2232, stack(0x0000000019e20000,0x0000000019f20000)]
  0x0000000019646000 JavaThread "Signal Dispatcher" daemon [_thread_blocked, id=23300, stack(0x0000000019d20000,0x0000000019e20000)]
  0x00000000027cc800 JavaThread "Finalizer" daemon [_thread_blocked, id=20812, stack(0x0000000019b10000,0x0000000019c10000)]
  0x0000000019630800 JavaThread "Reference Handler" daemon [_thread_blocked, id=16164, stack(0x0000000019a10000,0x0000000019b10000)]
  0x000000000254d800 JavaThread "main" [_thread_blocked, id=16468, stack(0x00000000025d0000,0x00000000026d0000)]

Other Threads:
  0x0000000017838000 VMThread [stack: 0x0000000019510000,0x0000000019610000] [id=6772]
  0x00000000196dc000 WatcherThread [stack: 0x000000001a420000,0x000000001a520000] [id=9292]

VM state:not at safepoint (normal execution)

VM Mutex/Monitor currently owned by a thread: None

heap address: 0x0000000080000000, size: 2048 MB, Compressed Oops mode: 32-bit
Narrow klass base: 0x0000000000000000, Narrow klass shift: 3
Compressed class space size: 1073741824 Address: 0x0000000100000000

Heap:
 PSYoungGen      total 214528K, used 35641K [0x00000000d5580000, 0x00000000e7d00000, 0x0000000100000000)
  eden space 154624K, 18% used [0x00000000d5580000,0x00000000d71b29d0,0x00000000dec80000)
  from space 59904K, 11% used [0x00000000e2f80000,0x00000000e361bbd0,0x00000000e6a00000)
  to   space 68608K, 0% used [0x00000000dec80000,0x00000000dec80000,0x00000000e2f80000)
 ParOldGen       total 283648K, used 137369K [0x0000000080000000, 0x0000000091500000, 0x00000000d5580000)
  object space 283648K, 48% used [0x0000000080000000,0x0000000088626540,0x0000000091500000)
 Metaspace       used 89306K, capacity 93576K, committed 94640K, reserved 1130496K
  class space    used 11875K, capacity 12671K, committed 12976K, reserved 1048576K

Card table byte_map: [0x0000000011b90000,0x0000000011fa0000] byte_map_base: 0x0000000011790000

Marking Bits: (ParMarkBitMap*) 0x000000006c0ef030
 Begin Bits: [0x0000000012a50000, 0x0000000014a50000)
 End Bits:   [0x0000000014a50000, 0x0000000016a50000)

Polling page: 0x00000000024d0000

CodeCache: size=245760Kb used=42032Kb max_used=42032Kb free=203727Kb
 bounds [0x00000000027d0000, 0x0000000005110000, 0x00000000117d0000]
 total_blobs=13879 nmethods=13002 adapters=789
 compilation: enabled

Compilation events (10 events):
Event: 561.277 Thread 0x000000001964f800 15511       3       java.util.TimSort::gallopLeft (335 bytes)
Event: 561.278 Thread 0x000000001964f800 nmethod 15511 0x00000000050fdad0 code [0x00000000050fdcc0, 0x00000000050fe798]
Event: 561.279 Thread 0x000000001784b800 nmethod 15507 0x0000000005107090 code [0x0000000005107240, 0x0000000005107e28]
Event: 561.279 Thread 0x000000001964f800 15514       3       java.util.TimSort::mergeLo (659 bytes)
Event: 561.279 Thread 0x000000001784b800 15508       4       com.android.tools.r8.graph.C::b (75 bytes)
Event: 561.281 Thread 0x000000001964f800 nmethod 15514 0x0000000005108fd0 code [0x0000000005109300, 0x000000000510b498]
Event: 561.281 Thread 0x000000001964f800 15515       3       java.util.TimSort::mergeHi (732 bytes)
Event: 561.283 Thread 0x000000001964f800 nmethod 15515 0x000000000510c250 code [0x000000000510c580, 0x000000000510e7b8]
Event: 561.283 Thread 0x000000001964f800 15516       3       java.util.TimSort::mergeAt (358 bytes)
Event: 561.284 Thread 0x000000001964f800 nmethod 15516 0x00000000051064d0 code [0x00000000051066a0, 0x0000000005106c58]

GC Heap History (10 events):
Event: 552.655 GC heap before
{Heap before GC invocations=24 (full 3):
 PSYoungGen      total 173568K, used 162115K [0x00000000d5580000, 0x00000000e1a80000, 0x0000000100000000)
  eden space 147456K, 100% used [0x00000000d5580000,0x00000000de580000,0x00000000de580000)
  from space 26112K, 56% used [0x00000000e0100000,0x00000000e0f50ea0,0x00000000e1a80000)
  to   space 27136K, 0% used [0x00000000de580000,0x00000000de580000,0x00000000e0000000)
 ParOldGen       total 137728K, used 49159K [0x0000000080000000, 0x0000000088680000, 0x00000000d5580000)
  object space 137728K, 35% used [0x0000000080000000,0x0000000083001e60,0x0000000088680000)
 Metaspace       used 76320K, capacity 80066K, committed 80304K, reserved 1118208K
  class space    used 10159K, capacity 10918K, committed 10928K, reserved 1048576K
Event: 552.665 GC heap after
Heap after GC invocations=24 (full 3):
 PSYoungGen      total 160768K, used 17399K [0x00000000d5580000, 0x00000000e1780000, 0x0000000100000000)
  eden space 143360K, 0% used [0x00000000d5580000,0x00000000d5580000,0x00000000de180000)
  from space 17408K, 99% used [0x00000000de580000,0x00000000df67dc28,0x00000000df680000)
  to   space 27648K, 0% used [0x00000000dfc80000,0x00000000dfc80000,0x00000000e1780000)
 ParOldGen       total 137728K, used 49167K [0x0000000080000000, 0x0000000088680000, 0x00000000d5580000)
  object space 137728K, 35% used [0x0000000080000000,0x0000000083003e60,0x0000000088680000)
 Metaspace       used 76320K, capacity 80066K, committed 80304K, reserved 1118208K
  class space    used 10159K, capacity 10918K, committed 10928K, reserved 1048576K
}
Event: 558.014 GC heap before
{Heap before GC invocations=25 (full 3):
 PSYoungGen      total 160768K, used 154945K [0x00000000d5580000, 0x00000000e1780000, 0x0000000100000000)
  eden space 143360K, 95% used [0x00000000d5580000,0x00000000ddbd28e8,0x00000000de180000)
  from space 17408K, 99% used [0x00000000de580000,0x00000000df67dc28,0x00000000df680000)
  to   space 27648K, 0% used [0x00000000dfc80000,0x00000000dfc80000,0x00000000e1780000)
 ParOldGen       total 137728K, used 49167K [0x0000000080000000, 0x0000000088680000, 0x00000000d5580000)
  object space 137728K, 35% used [0x0000000080000000,0x0000000083003e60,0x0000000088680000)
 Metaspace       used 88509K, capacity 93146K, committed 93360K, reserved 1130496K
  class space    used 11842K, capacity 12688K, committed 12720K, reserved 1048576K
Event: 558.039 GC heap after
Heap after GC invocations=25 (full 3):
 PSYoungGen      total 158720K, used 27635K [0x00000000d5580000, 0x00000000e2b80000, 0x0000000100000000)
  eden space 131072K, 0% used [0x00000000d5580000,0x00000000d5580000,0x00000000dd580000)
  from space 27648K, 99% used [0x00000000dfc80000,0x00000000e177cfb8,0x00000000e1780000)
  to   space 39936K, 0% used [0x00000000dd580000,0x00000000dd580000,0x00000000dfc80000)
 ParOldGen       total 137728K, used 72375K [0x0000000080000000, 0x0000000088680000, 0x00000000d5580000)
  object space 137728K, 52% used [0x0000000080000000,0x00000000846adf60,0x0000000088680000)
 Metaspace       used 88509K, capacity 93146K, committed 93360K, reserved 1130496K
  class space    used 11842K, capacity 12688K, committed 12720K, reserved 1048576K
}
Event: 558.730 GC heap before
{Heap before GC invocations=26 (full 3):
 PSYoungGen      total 158720K, used 158707K [0x00000000d5580000, 0x00000000e2b80000, 0x0000000100000000)
  eden space 131072K, 100% used [0x00000000d5580000,0x00000000dd580000,0x00000000dd580000)
  from space 27648K, 99% used [0x00000000dfc80000,0x00000000e177cfb8,0x00000000e1780000)
  to   space 39936K, 0% used [0x00000000dd580000,0x00000000dd580000,0x00000000dfc80000)
 ParOldGen       total 137728K, used 72375K [0x0000000080000000, 0x0000000088680000, 0x00000000d5580000)
  object space 137728K, 52% used [0x0000000080000000,0x00000000846adf60,0x0000000088680000)
 Metaspace       used 89411K, capacity 94156K, committed 94384K, reserved 1130496K
  class space    used 11982K, capacity 12863K, committed 12976K, reserved 1048576K
Event: 558.797 GC heap after
Heap after GC invocations=26 (full 3):
 PSYoungGen      total 171008K, used 39920K [0x00000000d5580000, 0x00000000e6a00000, 0x0000000100000000)
  eden space 131072K, 0% used [0x00000000d5580000,0x00000000d5580000,0x00000000dd580000)
  from space 39936K, 99% used [0x00000000dd580000,0x00000000dfc7c190,0x00000000dfc80000)
  to   space 59904K, 0% used [0x00000000e2f80000,0x00000000e2f80000,0x00000000e6a00000)
 ParOldGen       total 137728K, used 108373K [0x0000000080000000, 0x0000000088680000, 0x00000000d5580000)
  object space 137728K, 78% used [0x0000000080000000,0x00000000869d5708,0x0000000088680000)
 Metaspace       used 89411K, capacity 94156K, committed 94384K, reserved 1130496K
  class space    used 11982K, capacity 12863K, committed 12976K, reserved 1048576K
}
Event: 559.857 GC heap before
{Heap before GC invocations=27 (full 3):
 PSYoungGen      total 171008K, used 170992K [0x00000000d5580000, 0x00000000e6a00000, 0x0000000100000000)
  eden space 131072K, 100% used [0x00000000d5580000,0x00000000dd580000,0x00000000dd580000)
  from space 39936K, 99% used [0x00000000dd580000,0x00000000dfc7c190,0x00000000dfc80000)
  to   space 59904K, 0% used [0x00000000e2f80000,0x00000000e2f80000,0x00000000e6a00000)
 ParOldGen       total 137728K, used 108373K [0x0000000080000000, 0x0000000088680000, 0x00000000d5580000)
  object space 137728K, 78% used [0x0000000080000000,0x00000000869d5708,0x0000000088680000)
 Metaspace       used 89623K, capacity 94454K, committed 94640K, reserved 1130496K
  class space    used 11984K, capacity 12864K, committed 12976K, reserved 1048576K
Event: 559.900 GC heap after
Heap after GC invocations=27 (full 3):
 PSYoungGen      total 214528K, used 55719K [0x00000000d5580000, 0x00000000e7d00000, 0x0000000100000000)
  eden space 154624K, 0% used [0x00000000d5580000,0x00000000d5580000,0x00000000dec80000)
  from space 59904K, 93% used [0x00000000e2f80000,0x00000000e65e9f60,0x00000000e6a00000)
  to   space 68608K, 0% used [0x00000000dec80000,0x00000000dec80000,0x00000000e2f80000)
 ParOldGen       total 137728K, used 119769K [0x0000000080000000, 0x0000000088680000, 0x00000000d5580000)
  object space 137728K, 86% used [0x0000000080000000,0x00000000874f64d0,0x0000000088680000)
 Metaspace       used 89623K, capacity 94454K, committed 94640K, reserved 1130496K
  class space    used 11984K, capacity 12864K, committed 12976K, reserved 1048576K
}
Event: 559.900 GC heap before
{Heap before GC invocations=28 (full 4):
 PSYoungGen      total 214528K, used 55719K [0x00000000d5580000, 0x00000000e7d00000, 0x0000000100000000)
  eden space 154624K, 0% used [0x00000000d5580000,0x00000000d5580000,0x00000000dec80000)
  from space 59904K, 93% used [0x00000000e2f80000,0x00000000e65e9f60,0x00000000e6a00000)
  to   space 68608K, 0% used [0x00000000dec80000,0x00000000dec80000,0x00000000e2f80000)
 ParOldGen       total 137728K, used 119769K [0x0000000080000000, 0x0000000088680000, 0x00000000d5580000)
  object space 137728K, 86% used [0x0000000080000000,0x00000000874f64d0,0x0000000088680000)
 Metaspace       used 89623K, capacity 94454K, committed 94640K, reserved 1130496K
  class space    used 11984K, capacity 12864K, committed 12976K, reserved 1048576K
Event: 561.258 GC heap after
Heap after GC invocations=28 (full 4):
 PSYoungGen      total 214528K, used 6766K [0x00000000d5580000, 0x00000000e7d00000, 0x0000000100000000)
  eden space 154624K, 0% used [0x00000000d5580000,0x00000000d5580000,0x00000000dec80000)
  from space 59904K, 11% used [0x00000000e2f80000,0x00000000e361bbd0,0x00000000e6a00000)
  to   space 68608K, 0% used [0x00000000dec80000,0x00000000dec80000,0x00000000e2f80000)
 ParOldGen       total 283648K, used 137369K [0x0000000080000000, 0x0000000091500000, 0x00000000d5580000)
  object space 283648K, 48% used [0x0000000080000000,0x0000000088626540,0x0000000091500000)
 Metaspace       used 89305K, capacity 93576K, committed 94640K, reserved 1130496K
  class space    used 11875K, capacity 12671K, committed 12976K, reserved 1048576K
}

Deoptimization events (10 events):
Event: 559.665 Thread 0x0000000021c26800 Uncommon trap: reason=null_check action=make_not_entrant pc=0x0000000003cbcedc method=com.android.tools.r8.graph.e0.computeEquals(Ljava/lang/Object;)Z @ 1
Event: 559.665 Thread 0x0000000021c26800 Uncommon trap: reason=unstable_if action=reinterpret pc=0x00000000029d1ce8 method=java.util.Arrays.equals([Ljava/lang/Object;[Ljava/lang/Object;)Z @ 47
Event: 559.697 Thread 0x0000000021c26800 Uncommon trap: reason=null_check action=make_not_entrant pc=0x000000000329a880 method=com.android.tools.r8.graph.e0.computeEquals(Ljava/lang/Object;)Z @ 1
Event: 559.734 Thread 0x0000000021c26800 Uncommon trap: reason=unstable_if action=reinterpret pc=0x000000000389890c method=com.android.tools.r8.graph.h0$u.equals(Ljava/lang/Object;)Z @ 11
Event: 559.822 Thread 0x0000000021c26800 Uncommon trap: reason=unstable_if action=reinterpret pc=0x00000000050153e0 method=com.android.tools.r8.utils.P.a(Ljava/lang/String;Lcom/android/tools/r8/naming/b;)Ljava/lang/String; @ 9
Event: 561.276 Thread 0x0000000021c26800 Uncommon trap: reason=unstable_if action=reinterpret pc=0x00000000043911e8 method=java.util.TimSort.gallopLeft(Ljava/lang/Object;[Ljava/lang/Object;IIILjava/util/Comparator;)I @ 198
Event: 561.276 Thread 0x0000000021c26800 Uncommon trap: reason=unstable_if action=reinterpret pc=0x0000000004a87090 method=java.util.TimSort.mergeHi(IIII)V @ 131
Event: 561.276 Thread 0x0000000021c26800 Uncommon trap: reason=unstable_if action=reinterpret pc=0x00000000033f9c78 method=java.util.TimSort.gallopRight(Ljava/lang/Object;[Ljava/lang/Object;IIILjava/util/Comparator;)I @ 113
Event: 561.277 Thread 0x0000000021c26800 Uncommon trap: reason=unstable_if action=reinterpret pc=0x0000000004a890d8 method=java.util.TimSort.mergeLo(IIII)V @ 105
Event: 561.281 Thread 0x0000000021c26800 Uncommon trap: reason=unstable_if action=reinterpret pc=0x000000000499cd2c method=java.util.TimSort.mergeAt(I)V @ 170

Classes redefined (0 events):
No events

Internal exceptions (10 events):
Event: 558.248 Thread 0x0000000021c26800 Implicit null exception at 0x0000000003180daf to 0x0000000003180ea1
Event: 558.248 Thread 0x000000001b06d000 Implicit null exception at 0x0000000003180daf to 0x0000000003180ea1
Event: 558.248 Thread 0x000000001b068000 Implicit null exception at 0x0000000003180daf to 0x0000000003180ea1
Event: 558.248 Thread 0x000000001c122000 Implicit null exception at 0x0000000003180daf to 0x0000000003180ea1
Event: 558.248 Thread 0x0000000021c24000 Implicit null exception at 0x0000000003180daf to 0x0000000003180ea1
Event: 558.248 Thread 0x0000000021c25800 Implicit null exception at 0x0000000003180daf to 0x0000000003180ea1
Event: 558.248 Thread 0x0000000021c23800 Implicit null exception at 0x0000000003180daf to 0x0000000003180ea1
Event: 558.826 Thread 0x000000001b06a000 Implicit null exception at 0x0000000003b03e34 to 0x0000000003b04126
Event: 559.665 Thread 0x0000000021c26800 Implicit null exception at 0x0000000003cbcc54 to 0x0000000003cbceb2
Event: 559.697 Thread 0x0000000021c26800 Implicit null exception at 0x000000000329a70f to 0x000000000329a871

Events (10 events):
Event: 561.276 Thread 0x0000000021c26800 DEOPT UNPACKING pc=0x000000000281557b sp=0x00000000299ce9f8 mode 2
Event: 561.276 Thread 0x0000000021c26800 Uncommon trap: trap_request=0xffffff65 fr.pc=0x00000000033f9c78
Event: 561.276 Thread 0x0000000021c26800 DEOPT PACKING pc=0x00000000033f9c78 sp=0x00000000299ce980
Event: 561.276 Thread 0x0000000021c26800 DEOPT UNPACKING pc=0x000000000281557b sp=0x00000000299ce940 mode 2
Event: 561.277 Thread 0x0000000021c26800 Uncommon trap: trap_request=0xffffff65 fr.pc=0x0000000004a890d8
Event: 561.277 Thread 0x0000000021c26800 DEOPT PACKING pc=0x0000000004a890d8 sp=0x00000000299cea10
Event: 561.277 Thread 0x0000000021c26800 DEOPT UNPACKING pc=0x000000000281557b sp=0x00000000299cea00 mode 2
Event: 561.281 Thread 0x0000000021c26800 Uncommon trap: trap_request=0xffffff65 fr.pc=0x000000000499cd2c
Event: 561.281 Thread 0x0000000021c26800 DEOPT PACKING pc=0x000000000499cd2c sp=0x00000000299ceb00
Event: 561.281 Thread 0x0000000021c26800 DEOPT UNPACKING pc=0x000000000281557b sp=0x00000000299cea88 mode 2


Dynamic libraries:
0x00007ff6bd040000 - 0x00007ff6bd071000 	C:\Program Files\Android\Android Studio\jre\bin\java.exe
0x00007ff98b170000 - 0x00007ff98b366000 	C:\WINDOWS\SYSTEM32\ntdll.dll
0x00007ff970fc0000 - 0x00007ff970fd2000 	C:\Program Files\Avast Software\Avast\aswhook.dll
0x00007ff989f20000 - 0x00007ff989fdd000 	C:\WINDOWS\System32\KERNEL32.DLL
0x00007ff988f00000 - 0x00007ff9891c9000 	C:\WINDOWS\System32\KERNELBASE.dll
0x00007ff98a090000 - 0x00007ff98a13c000 	C:\WINDOWS\System32\ADVAPI32.dll
0x00007ff98ab00000 - 0x00007ff98ab9e000 	C:\WINDOWS\System32\msvcrt.dll
0x00007ff98aa60000 - 0x00007ff98aafc000 	C:\WINDOWS\System32\sechost.dll
0x00007ff98adf0000 - 0x00007ff98af1b000 	C:\WINDOWS\System32\RPCRT4.dll
0x00007ff98a800000 - 0x00007ff98a9a0000 	C:\WINDOWS\System32\USER32.dll
0x00007ff988a10000 - 0x00007ff988a32000 	C:\WINDOWS\System32\win32u.dll
0x00007ff989410000 - 0x00007ff98943a000 	C:\WINDOWS\System32\GDI32.dll
0x00007ff988dc0000 - 0x00007ff988ecb000 	C:\WINDOWS\System32\gdi32full.dll
0x00007ff988a40000 - 0x00007ff988add000 	C:\WINDOWS\System32\msvcp_win.dll
0x00007ff988cc0000 - 0x00007ff988dc0000 	C:\WINDOWS\System32\ucrtbase.dll
0x00007ff973470000 - 0x00007ff97370b000 	C:\WINDOWS\WinSxS\amd64_microsoft.windows.common-controls_6595b64144ccf1df_6.0.19041.746_none_ca02b4b61b8320a4\COMCTL32.dll
0x00007ff989b90000 - 0x00007ff989bc0000 	C:\WINDOWS\System32\IMM32.DLL
0x000000006b760000 - 0x000000006b832000 	C:\Program Files\Android\Android Studio\jre\jre\bin\msvcr100.dll
0x000000006b920000 - 0x000000006c16b000 	C:\Program Files\Android\Android Studio\jre\jre\bin\server\jvm.dll
0x00007ff98aff0000 - 0x00007ff98aff8000 	C:\WINDOWS\System32\PSAPI.DLL
0x00007ff9723e0000 - 0x00007ff9723e9000 	C:\WINDOWS\SYSTEM32\WSOCK32.dll
0x00007ff98a140000 - 0x00007ff98a1ab000 	C:\WINDOWS\System32\WS2_32.dll
0x00007ff973710000 - 0x00007ff973737000 	C:\WINDOWS\SYSTEM32\WINMM.dll
0x00007ff97c580000 - 0x00007ff97c58a000 	C:\WINDOWS\SYSTEM32\VERSION.dll
0x00007ff9853b0000 - 0x00007ff9853bf000 	C:\Program Files\Android\Android Studio\jre\jre\bin\verify.dll
0x00007ff9623b0000 - 0x00007ff9623d9000 	C:\Program Files\Android\Android Studio\jre\jre\bin\java.dll
0x00007ff97e120000 - 0x00007ff97e136000 	C:\Program Files\Android\Android Studio\jre\jre\bin\zip.dll
0x00007ff989440000 - 0x00007ff989b83000 	C:\WINDOWS\System32\SHELL32.dll
0x00007ff986650000 - 0x00007ff986ddf000 	C:\WINDOWS\SYSTEM32\windows.storage.dll
0x00007ff989bc0000 - 0x00007ff989f16000 	C:\WINDOWS\System32\combase.dll
0x00007ff988240000 - 0x00007ff98826c000 	C:\WINDOWS\SYSTEM32\Wldp.dll
0x00007ff98af40000 - 0x00007ff98afee000 	C:\WINDOWS\System32\SHCORE.dll
0x00007ff98a9a0000 - 0x00007ff98a9f5000 	C:\WINDOWS\System32\shlwapi.dll
0x00007ff9887e0000 - 0x00007ff988806000 	C:\WINDOWS\SYSTEM32\profapi.dll
0x00007ff971300000 - 0x00007ff97131a000 	C:\Program Files\Android\Android Studio\jre\jre\bin\net.dll
0x00007ff987fc0000 - 0x00007ff98802a000 	C:\WINDOWS\system32\mswsock.dll
0x00007ff96f2d0000 - 0x00007ff96f2e3000 	C:\Program Files\Android\Android Studio\jre\jre\bin\nio.dll
0x00007ff95f030000 - 0x00007ff95f056000 	C:\Users\vitor\.gradle\native\31\windows-amd64\native-platform.dll
0x00007ff985390000 - 0x00007ff98539d000 	C:\Program Files\Android\Android Studio\jre\jre\bin\management.dll
0x00007ff9881a0000 - 0x00007ff9881b8000 	C:\WINDOWS\SYSTEM32\CRYPTSP.dll
0x00007ff987960000 - 0x00007ff987994000 	C:\WINDOWS\system32\rsaenh.dll
0x00007ff988ed0000 - 0x00007ff988ef7000 	C:\WINDOWS\System32\bcrypt.dll
0x00007ff9887a0000 - 0x00007ff9887ce000 	C:\WINDOWS\SYSTEM32\USERENV.dll
0x00007ff988ae0000 - 0x00007ff988b60000 	C:\WINDOWS\System32\bcryptprimitives.dll
0x00007ff988190000 - 0x00007ff98819c000 	C:\WINDOWS\SYSTEM32\CRYPTBASE.dll
0x00007ff987cb0000 - 0x00007ff987ceb000 	C:\WINDOWS\SYSTEM32\IPHLPAPI.DLL
0x00007ff98a1b0000 - 0x00007ff98a1b8000 	C:\WINDOWS\System32\NSI.dll
0x00007ff97fc40000 - 0x00007ff97fc57000 	C:\WINDOWS\SYSTEM32\dhcpcsvc6.DLL
0x00007ff9801e0000 - 0x00007ff9801fd000 	C:\WINDOWS\SYSTEM32\dhcpcsvc.DLL
0x00007ff987cf0000 - 0x00007ff987dbb000 	C:\WINDOWS\SYSTEM32\DNSAPI.dll

VM Arguments:
jvm_args: -Xmx2048m -Dfile.encoding=windows-1252 -Duser.country=BR -Duser.language=pt -Duser.variant 
java_command: org.gradle.launcher.daemon.bootstrap.GradleDaemon 6.1.1
java_class_path (initial): C:\Users\vitor\.gradle\wrapper\dists\gradle-6.1.1-all\cfmwm155h49vnt3hynmlrsdst\gradle-6.1.1\lib\gradle-launcher-6.1.1.jar
Launcher Type: SUN_STANDARD

Environment Variables:
PATH=C:\Program Files (x86)\Common Files\Oracle\Java\javapath;C:\windows\system32;C:\windows;C:\windows\System32\Wbem;C:\windows\System32\WindowsPowerShell\v1.0\;C:\windows\System32\OpenSSH\;C:\Program Files (x86)\NVIDIA Corporation\PhysX\Common;C:\Program Files\NVIDIA Corporation\NVIDIA NvDLISR;C:\Program Files\nodejs\;C:\Program Files\Git\cmd;C:\WINDOWS\system32;C:\WINDOWS;C:\WINDOWS\System32\Wbem;C:\WINDOWS\System32\WindowsPowerShell\v1.0\;C:\WINDOWS\System32\OpenSSH\;C:\Users\vitor\AppData\Local\Programs\Python\Python38\Scripts\;C:\Users\vitor\AppData\Local\Programs\Python\Python38\;C:\Users\vitor\AppData\Local\Microsoft\WindowsApps;;C:\Users\vitor\AppData\Local\Programs\Microsoft VS Code\bin;C:\Users\vitor\AppData\Roaming\npm
USERNAME=vitor
OS=Windows_NT
PROCESSOR_IDENTIFIER=Intel64 Family 6 Model 142 Stepping 12, GenuineIntel



---------------  S Y S T E M  ---------------

OS: Windows 10.0 , 64 bit Build 19041 (10.0.19041.662)

CPU:total 8 (initial active 8) (4 cores per cpu, 2 threads per core) family 6 model 142 stepping 12, cmov, cx8, fxsr, mmx, sse, sse2, sse3, ssse3, sse4.1, sse4.2, popcnt, avx, avx2, aes, clmul, erms, 3dnowpref, lzcnt, ht, tsc, tscinvbit, bmi1, bmi2, adx

Memory: 4k page, physical 8277820k(873320k free), swap 33443644k(5132k free)

vm_info: OpenJDK 64-Bit Server VM (25.242-b01) for windows-amd64 JRE (1.8.0_242-release-1644-b01), built by "builder" with MS VC++ 10.0 (VS2010)

time: Tue Feb 09 18:18:21 2021
timezone: Hora oficial do Brasil
elapsed time: 561 seconds (0d 0h 9m 21s)

